<?xml version="1.0" encoding="utf-8"?><testsuites name="pytest tests"><testsuite name="pytest" errors="0" failures="0" skipped="0" tests="17" time="2.180" timestamp="2026-09-03T05:34:46.692303+00:00" hostname="agent-env-98f98c5f-e88e-40e2-9410-40715ed7f180"><testcase classname="backend.tests.backend_test.TestHealth" name="test_root" time="0.242" /><testcase classname="backend.tests.backend_test.TestHealth" name="test_categories" time="0.050" /><testcase classname="backend.tests.backend_test.TestHealth" name="test_locations" time="0.053" /><testcase classname="backend.tests.backend_test.TestAuth" name="test_register_returns_token_and_points_zero" time="0.150" /><testcase classname="backend.tests.backend_test.TestAuth" name="test_login" time="0.125" /><testcase classname="backend.tests.backend_test.TestAuth" name="test_me" time="0.052" /><testcase classname="backend.tests.backend_test.TestAuth" name="test_invalid_login" time="0.051" /><testcase classname="backend.tests.backend_test.TestCalculator" name="test_precision_quarterly" time="0.052" /><testcase classname="backend.tests.backend_test.TestCalculator" name="test_precision_monthly" time="0.058" /><testcase classname="backend.tests.backend_test.TestCalculator" name="test_too_small_margin" time="0.051" /><testcase classname="backend.tests.backend_test.TestCalculator" name="test_negative_margin" time="0.051" /><testcase classname="backend.tests.backend_test.TestFeasibility" name="test_full_generate" time="0.055" /><testcase classname="backend.tests.backend_test.TestFeasibility" name="test_viability_varies" time="0.219" /><testcase classname="backend.tests.backend_test.TestReports" name="test_reports_flow" time="0.288" /><testcase classname="backend.tests.backend_test.TestCommunity" name="test_create_upvote_leaderboard" time="0.446" /><testcase classname="backend.tests.backend_test.TestCommunity" name="test_shop_missing_fields" time="0.051" /><testcase classname="backend.tests.backend_test.TestCommunity" name="test_shop_no_auth" time="0.048" /></testsuite></testsuites>