<?xml version="1.0" encoding="utf-8"?><testsuites name="pytest tests"><testsuite name="pytest" errors="0" failures="0" skipped="0" tests="19" time="238.346" timestamp="2026-09-03T05:43:49.783815+00:00" hostname="agent-env-98f98c5f-e88e-40e2-9410-40715ed7f180"><testcase classname="backend.tests.backend_test.TestHealth" name="test_root" time="0.128" /><testcase classname="backend.tests.backend_test.TestHealth" name="test_categories" time="0.048" /><testcase classname="backend.tests.backend_test.TestHealth" name="test_locations" time="0.051" /><testcase classname="backend.tests.backend_test.TestAuth" name="test_register_returns_token_and_points_zero" time="0.128" /><testcase classname="backend.tests.backend_test.TestAuth" name="test_login" time="0.126" /><testcase classname="backend.tests.backend_test.TestAuth" name="test_me" time="0.053" /><testcase classname="backend.tests.backend_test.TestAuth" name="test_invalid_login" time="0.050" /><testcase classname="backend.tests.backend_test.TestCalculator" name="test_precision_quarterly" time="0.052" /><testcase classname="backend.tests.backend_test.TestCalculator" name="test_precision_monthly" time="0.054" /><testcase classname="backend.tests.backend_test.TestCalculator" name="test_too_small_margin" time="0.054" /><testcase classname="backend.tests.backend_test.TestCalculator" name="test_negative_margin" time="0.048" /><testcase classname="backend.tests.backend_test.TestFeasibility" name="test_full_generate" time="23.720" /><testcase classname="backend.tests.backend_test.TestFeasibility" name="test_openai_provider_and_narrative" time="25.421" /><testcase classname="backend.tests.backend_test.TestFeasibility" name="test_multiple_reports_robustness" time="69.069" /><testcase classname="backend.tests.backend_test.TestFeasibility" name="test_viability_varies" time="88.609" /><testcase classname="backend.tests.backend_test.TestReports" name="test_reports_flow" time="30.046" /><testcase classname="backend.tests.backend_test.TestCommunity" name="test_create_upvote_leaderboard" time="0.447" /><testcase classname="backend.tests.backend_test.TestCommunity" name="test_shop_missing_fields" time="0.052" /><testcase classname="backend.tests.backend_test.TestCommunity" name="test_shop_no_auth" time="0.049" /></testsuite></testsuites>